<?xml version="1.0" encoding="UTF-8"?>
<testng-results ignored="0" total="1" passed="1" failed="0" skipped="0">
  <reporter-output>
  </reporter-output>
  <suite started-at="2026-01-30T05:49:22 UTC" name="Default suite" finished-at="2026-01-30T05:49:26 UTC" duration-ms="3690">
    <groups>
      <group name="cucumber">
        <method signature="AbstractTestNGCucumberTests.runScenario(io.cucumber.testng.PickleWrapper,io.cucumber.testng.FeatureWrapper)[pri:0, instance:stepdefinitions.testrunner_scstack@24313fcc]" name="runScenario" class="io.cucumber.testng.AbstractTestNGCucumberTests"/>
      </group> <!-- cucumber -->
    </groups>
    <test started-at="2026-01-30T05:49:22 UTC" name="Default test" finished-at="2026-01-30T05:49:26 UTC" duration-ms="3690">
      <class name="stepdefinitions.testrunner_scstack">
        <test-method is-config="true" signature="setUpClass(org.testng.ITestContext)[pri:0, instance:stepdefinitions.testrunner_scstack@24313fcc]" started-at="2026-01-30T05:49:22 UTC" name="setUpClass" finished-at="2026-01-30T05:49:22 UTC" duration-ms="122" status="PASS">
          <params>
            <param index="0">
              <value>
                <![CDATA[org.testng.TestRunner@15eb0ae9]]>
              </value>
            </param>
          </params>
          <reporter-output>
          </reporter-output>
        </test-method> <!-- setUpClass -->
        <test-method signature="runScenario(io.cucumber.testng.PickleWrapper,io.cucumber.testng.FeatureWrapper)[pri:0, instance:stepdefinitions.testrunner_scstack@24313fcc]" started-at="2026-01-30T05:49:22 UTC" name="runScenario" description="Runs Cucumber Scenarios" data-provider="scenarios" finished-at="2026-01-30T05:49:26 UTC" duration-ms="3539" status="PASS">
          <params>
            <param index="0">
              <value>
                <![CDATA["Open Scroll Stack"]]>
              </value>
            </param>
            <param index="1">
              <value>
                <![CDATA["Scroll Stack Login"]]>
              </value>
            </param>
          </params>
          <reporter-output>
          </reporter-output>
        </test-method> <!-- runScenario -->
        <test-method is-config="true" signature="tearDownClass()[pri:0, instance:stepdefinitions.testrunner_scstack@24313fcc]" started-at="2026-01-30T05:49:26 UTC" name="tearDownClass" finished-at="2026-01-30T05:49:26 UTC" duration-ms="1" status="PASS">
          <reporter-output>
          </reporter-output>
        </test-method> <!-- tearDownClass -->
      </class> <!-- stepdefinitions.testrunner_scstack -->
    </test> <!-- Default test -->
  </suite> <!-- Default suite -->
</testng-results>
